2024-07-12 19:15:13,307 INFO Home page ran successfully 
2024-07-12 19:15:16,799 INFO Home page ran successfully 
2024-07-12 19:15:16,846 INFO Home page ran successfully 
2024-07-12 19:15:17,603 INFO show_analysis_Bars() from Analysis package ran successfully 
2024-07-12 19:15:18,685 INFO show_analysis_Scatters() from Analysis package ran successfully 
2024-07-12 19:15:18,686 INFO Constructor from show_analysis__ class ran successfully
2024-07-12 19:15:18,686 INFO show_analysis() ran successfully 
2024-07-12 19:15:45,349 INFO Home page ran successfully 
2024-07-12 19:19:58,066 INFO Home page ran successfully 
2024-07-12 19:20:35,868 INFO Home page ran successfully 
2024-07-12 19:20:46,099 INFO Home page ran successfully 
2024-07-12 19:20:46,146 INFO Home page ran successfully 
2024-07-12 19:20:46,921 INFO show_analysis_Bars() from Analysis package ran successfully 
2024-07-12 19:20:48,265 INFO show_analysis_Scatters() from Analysis package ran successfully 
2024-07-12 19:20:48,265 INFO Constructor from show_analysis__ class ran successfully
2024-07-12 19:20:48,265 INFO show_analysis() ran successfully 
2024-07-12 19:20:51,184 INFO Home page ran successfully 
2024-07-12 19:22:33,650 INFO Home page ran successfully 
2024-07-12 19:22:35,459 INFO Home page ran successfully 
2024-07-12 19:22:39,172 INFO Home page ran successfully 
2024-07-12 19:22:55,372 INFO Home page ran successfully 
2024-07-12 19:22:56,886 INFO Home page ran successfully 
2024-07-12 19:22:57,134 INFO Home page ran successfully 
2024-07-12 19:22:57,916 INFO show_analysis_Bars() from Analysis package ran successfully 
2024-07-12 19:22:58,982 INFO show_analysis_Scatters() from Analysis package ran successfully 
2024-07-12 19:22:58,982 INFO Constructor from show_analysis__ class ran successfully
2024-07-12 19:22:58,982 INFO show_analysis() ran successfully 
2024-07-12 19:23:03,134 INFO Home page ran successfully 
2024-07-12 19:23:18,543 INFO Home page ran successfully 
2024-07-12 19:23:24,004 INFO Home page ran successfully 
2024-07-12 19:23:25,435 INFO Home page ran successfully 
